TN:
SF:/Users/osx/Desktop/job-screenshots/Numbr/project/server/server.js
FN:28,(anonymous_2)
FN:33,(anonymous_3)
FN:52,(anonymous_4)
FN:79,(anonymous_5)
FN:111,(anonymous_6)
FNF:5
FNH:4
FNDA:7,(anonymous_2)
FNDA:8,(anonymous_3)
FNDA:4,(anonymous_4)
FNDA:6,(anonymous_5)
FNDA:0,(anonymous_6)
DA:1,1
DA:2,1
DA:3,1
DA:4,1
DA:5,1
DA:6,1
DA:8,1
DA:10,1
DA:11,1
DA:13,1
DA:14,1
DA:17,1
DA:28,7
DA:30,1
DA:31,1
DA:33,1
DA:34,8
DA:35,8
DA:36,8
DA:37,8
DA:40,1
DA:43,1
DA:45,1
DA:47,1
DA:52,1
DA:53,4
DA:56,4
DA:57,2
DA:58,2
DA:61,2
DA:64,2
DA:65,2
DA:66,2
DA:69,2
DA:70,1
DA:79,2
DA:80,6
DA:81,6
DA:83,2
DA:84,2
DA:87,4
DA:94,4
DA:95,4
DA:98,4
DA:103,4
DA:104,6
DA:111,2
DA:112,0
DA:114,0
DA:115,0
LF:50
LH:47
BRDA:45,0,0,1
BRDA:45,0,1,1
BRDA:56,1,0,2
BRDA:56,1,1,2
BRDA:56,2,0,4
BRDA:56,2,1,3
BRDA:69,3,0,1
BRDA:69,3,1,1
BRDA:69,4,0,2
BRDA:69,4,1,1
BRDA:80,5,0,6
BRDA:80,5,1,0
BRDA:81,6,0,2
BRDA:81,6,1,4
BRDA:112,7,0,0
BRDA:112,7,1,0
BRDA:112,8,0,0
BRDA:112,8,1,0
BRF:18
BRH:13
end_of_record
TN:
SF:/Users/osx/Desktop/job-screenshots/Numbr/project/server/__tests__/helpers/mockWebsocket.js
FN:4,Chat
FN:8,(anonymous_1)
FN:9,(anonymous_2)
FN:12,(anonymous_3)
FNF:4
FNH:4
FNDA:4,Chat
FNDA:2,(anonymous_1)
FNDA:7,(anonymous_2)
FNDA:6,(anonymous_3)
DA:2,1
DA:5,4
DA:6,4
DA:8,4
DA:9,2
DA:10,7
DA:12,2
DA:13,6
DA:17,4
LF:9
LH:9
BRF:0
BRH:0
end_of_record
TN:
SF:/Users/osx/Desktop/job-screenshots/Numbr/project/server/routes/auth.js
FN:10,(anonymous_1)
FNF:1
FNH:1
FNDA:8,(anonymous_1)
DA:1,1
DA:2,1
DA:3,1
DA:4,1
DA:6,1
DA:8,1
DA:10,1
DA:12,8
DA:13,8
DA:14,1
DA:18,7
DA:19,13
DA:20,5
DA:21,5
DA:25,7
DA:26,2
DA:32,5
DA:33,4
DA:38,4
DA:45,1
LF:20
LH:20
BRDA:13,0,0,1
BRDA:13,0,1,7
BRDA:19,1,0,5
BRDA:19,1,1,8
BRDA:25,2,0,2
BRDA:25,2,1,5
BRDA:32,3,0,4
BRDA:32,3,1,1
BRF:8
BRH:8
end_of_record
TN:
SF:/Users/osx/Desktop/job-screenshots/Numbr/project/server/routes/middlewares/authenticateUsers.js
FN:10,(anonymous_2)
FNF:1
FNH:1
FNDA:3,(anonymous_2)
DA:1,1
DA:2,1
DA:4,1
DA:8,3
DA:9,3
DA:10,3
DA:11,3
DA:12,1
DA:14,2
DA:15,2
DA:16,4
DA:17,2
DA:18,2
DA:24,3
LF:14
LH:14
BRDA:9,0,0,3
BRDA:9,0,1,0
BRDA:11,1,0,1
BRDA:11,1,1,2
BRDA:16,2,0,2
BRDA:16,2,1,2
BRF:6
BRH:5
end_of_record
TN:
SF:/Users/osx/Desktop/job-screenshots/Numbr/project/server/utils/dataValidators.js
FN:18,(anonymous_1)
FNF:1
FNH:1
FNDA:8,(anonymous_1)
DA:1,1
DA:19,8
DA:20,8
DA:22,1
DA:24,8
DA:25,1
DA:27,8
DA:28,8
LF:8
LH:8
BRDA:20,0,0,1
BRDA:20,0,1,7
BRDA:20,1,0,8
BRDA:20,1,1,7
BRDA:24,2,0,1
BRDA:24,2,1,7
BRDA:24,3,0,8
BRDA:24,3,1,7
BRF:8
BRH:8
end_of_record
TN:
SF:/Users/osx/Desktop/job-screenshots/Numbr/project/server/utils/helpers.js
FN:8,htmlEntities
FN:22,originIsAllowed
FNF:2
FNH:2
FNDA:4,htmlEntities
FNDA:4,originIsAllowed
DA:9,4
DA:23,4
DA:24,1
LF:3
LH:3
BRDA:23,0,0,3
BRDA:23,0,1,1
BRF:2
BRH:2
end_of_record
