<?xml version="1.0" encoding="UTF-8"?>
<coverage generated="1516842990477" clover="3.2.0">
  <project timestamp="1516842990477" name="All files">
    <metrics statements="130" coveredstatements="97" conditionals="40" coveredconditionals="18" methods="24" coveredmethods="15" elements="194" coveredelements="130" complexity="0" loc="130" ncloc="130" packages="3" files="9" classes="9">
      <package name="client">
        <metrics statements="0" coveredstatements="0" conditionals="0" coveredconditionals="0" methods="0" coveredmethods="0"/>
        <file name="test-env.js" path="/Users/osx/Desktop/job-screenshots/Numbr/project/client/test-env.js">
          <metrics statements="0" coveredstatements="0" conditionals="0" coveredconditionals="0" methods="0" coveredmethods="0"/>
        </file>
      </package>
      <package name="client.src.js">
        <metrics statements="110" coveredstatements="78" conditionals="34" coveredconditionals="14" methods="17" coveredmethods="10"/>
        <file name="login.js" path="/Users/osx/Desktop/job-screenshots/Numbr/project/client/src/js/login.js">
          <metrics statements="16" coveredstatements="6" conditionals="4" coveredconditionals="0" methods="5" coveredmethods="3"/>
          <line num="6" count="5" type="stmt"/>
          <line num="8" count="5" type="stmt"/>
          <line num="9" count="5" type="stmt"/>
          <line num="11" count="5" type="stmt"/>
          <line num="14" count="5" type="stmt"/>
          <line num="15" count="0" type="stmt"/>
          <line num="19" count="5" type="stmt"/>
          <line num="20" count="0" type="stmt"/>
          <line num="21" count="0" type="stmt"/>
          <line num="22" count="0" type="stmt"/>
          <line num="23" count="0" type="stmt"/>
          <line num="24" count="0" type="stmt"/>
          <line num="27" count="0" type="cond" truecount="0" falsecount="4"/>
          <line num="28" count="0" type="stmt"/>
          <line num="30" count="0" type="stmt"/>
          <line num="34" count="0" type="stmt"/>
        </file>
        <file name="logout.js" path="/Users/osx/Desktop/job-screenshots/Numbr/project/client/src/js/logout.js">
          <metrics statements="10" coveredstatements="6" conditionals="0" coveredconditionals="0" methods="3" coveredmethods="1"/>
          <line num="5" count="2" type="stmt"/>
          <line num="6" count="2" type="stmt"/>
          <line num="7" count="2" type="stmt"/>
          <line num="8" count="2" type="stmt"/>
          <line num="11" count="2" type="stmt"/>
          <line num="12" count="0" type="stmt"/>
          <line num="13" count="0" type="stmt"/>
          <line num="16" count="2" type="stmt"/>
          <line num="17" count="0" type="stmt"/>
          <line num="18" count="0" type="stmt"/>
        </file>
        <file name="messenger.js" path="/Users/osx/Desktop/job-screenshots/Numbr/project/client/src/js/messenger.js">
          <metrics statements="84" coveredstatements="66" conditionals="30" coveredconditionals="14" methods="9" coveredmethods="6"/>
          <line num="3" count="11" type="stmt"/>
          <line num="4" count="24" type="cond" truecount="1" falsecount="1"/>
          <line num="5" count="24" type="cond" truecount="1" falsecount="1"/>
          <line num="8" count="24" type="stmt"/>
          <line num="9" count="24" type="stmt"/>
          <line num="10" count="24" type="stmt"/>
          <line num="12" count="24" type="stmt"/>
          <line num="13" count="24" type="stmt"/>
          <line num="14" count="24" type="stmt"/>
          <line num="16" count="24" type="cond" truecount="1" falsecount="1"/>
          <line num="17" count="0" type="stmt"/>
          <line num="18" count="0" type="stmt"/>
          <line num="19" count="24" type="cond" truecount="1" falsecount="1"/>
          <line num="20" count="24" type="stmt"/>
          <line num="21" count="24" type="stmt"/>
          <line num="25" count="24" type="stmt"/>
          <line num="27" count="24" type="stmt"/>
          <line num="29" count="24" type="stmt"/>
          <line num="30" count="12" type="cond" truecount="1" falsecount="1"/>
          <line num="31" count="12" type="cond" truecount="1" falsecount="1"/>
          <line num="32" count="12" type="stmt"/>
          <line num="33" count="12" type="stmt"/>
          <line num="34" count="12" type="stmt"/>
          <line num="35" count="12" type="stmt"/>
          <line num="36" count="12" type="stmt"/>
          <line num="37" count="12" type="stmt"/>
          <line num="38" count="12" type="stmt"/>
          <line num="40" count="12" type="stmt"/>
          <line num="41" count="12" type="stmt"/>
          <line num="42" count="12" type="stmt"/>
          <line num="43" count="12" type="stmt"/>
          <line num="45" count="12" type="stmt"/>
          <line num="47" count="12" type="stmt"/>
          <line num="48" count="12" type="stmt"/>
          <line num="49" count="12" type="stmt"/>
          <line num="51" count="12" type="stmt"/>
          <line num="53" count="12" type="stmt"/>
          <line num="54" count="12" type="stmt"/>
          <line num="55" count="12" type="stmt"/>
          <line num="57" count="12" type="stmt"/>
          <line num="59" count="12" type="stmt"/>
          <line num="60" count="12" type="cond" truecount="2" falsecount="0"/>
          <line num="61" count="6" type="stmt"/>
          <line num="63" count="6" type="stmt"/>
          <line num="66" count="12" type="stmt"/>
          <line num="67" count="12" type="stmt"/>
          <line num="71" count="24" type="cond" truecount="2" falsecount="0"/>
          <line num="73" count="24" type="cond" truecount="2" falsecount="0"/>
          <line num="74" count="6" type="stmt"/>
          <line num="75" count="6" type="stmt"/>
          <line num="78" count="18" type="stmt"/>
          <line num="80" count="18" type="stmt"/>
          <line num="81" count="12" type="stmt"/>
          <line num="82" count="12" type="stmt"/>
          <line num="85" count="18" type="stmt"/>
          <line num="86" count="6" type="stmt"/>
          <line num="87" count="6" type="stmt"/>
          <line num="90" count="18" type="stmt"/>
          <line num="91" count="12" type="stmt"/>
          <line num="92" count="12" type="stmt"/>
          <line num="94" count="12" type="cond" truecount="1" falsecount="1"/>
          <line num="95" count="0" type="stmt"/>
          <line num="96" count="0" type="stmt"/>
          <line num="97" count="0" type="stmt"/>
          <line num="99" count="0" type="stmt"/>
          <line num="100" count="12" type="cond" truecount="1" falsecount="1"/>
          <line num="101" count="12" type="stmt"/>
          <line num="102" count="12" type="stmt"/>
          <line num="103" count="12" type="stmt"/>
          <line num="107" count="18" type="stmt"/>
          <line num="108" count="0" type="cond" truecount="0" falsecount="2"/>
          <line num="109" count="0" type="stmt"/>
          <line num="110" count="0" type="cond" truecount="0" falsecount="2"/>
          <line num="111" count="0" type="stmt"/>
          <line num="113" count="0" type="stmt"/>
          <line num="114" count="0" type="stmt"/>
          <line num="118" count="18" type="stmt"/>
          <line num="119" count="0" type="cond" truecount="0" falsecount="2"/>
          <line num="120" count="0" type="stmt"/>
          <line num="121" count="0" type="stmt"/>
          <line num="125" count="18" type="stmt"/>
          <line num="126" count="0" type="cond" truecount="0" falsecount="2"/>
          <line num="127" count="0" type="stmt"/>
          <line num="128" count="0" type="stmt"/>
        </file>
      </package>
      <package name="client.src.utils">
        <metrics statements="20" coveredstatements="19" conditionals="6" coveredconditionals="4" methods="7" coveredmethods="5"/>
        <file name="displayMessenger.js" path="/Users/osx/Desktop/job-screenshots/Numbr/project/client/src/utils/displayMessenger.js">
          <metrics statements="3" coveredstatements="3" conditionals="4" coveredconditionals="2" methods="1" coveredmethods="1"/>
          <line num="1" count="8" type="stmt"/>
          <line num="2" count="6" type="cond" truecount="1" falsecount="1"/>
          <line num="3" count="1" type="cond" truecount="1" falsecount="1"/>
        </file>
        <file name="handleErrors.js" path="/Users/osx/Desktop/job-screenshots/Numbr/project/client/src/utils/handleErrors.js">
          <metrics statements="2" coveredstatements="2" conditionals="0" coveredconditionals="0" methods="1" coveredmethods="1"/>
          <line num="1" count="8" type="stmt"/>
          <line num="2" count="3" type="stmt"/>
        </file>
        <file name="processLogin.js" path="/Users/osx/Desktop/job-screenshots/Numbr/project/client/src/utils/processLogin.js">
          <metrics statements="6" coveredstatements="5" conditionals="0" coveredconditionals="0" methods="1" coveredmethods="1"/>
          <line num="7" count="5" type="stmt"/>
          <line num="8" count="5" type="stmt"/>
          <line num="9" count="5" type="stmt"/>
          <line num="10" count="5" type="stmt"/>
          <line num="11" count="5" type="stmt"/>
          <line num="12" count="0" type="stmt"/>
        </file>
        <file name="setAuthorizationToken.js" path="/Users/osx/Desktop/job-screenshots/Numbr/project/client/src/utils/setAuthorizationToken.js">
          <metrics statements="4" coveredstatements="4" conditionals="2" coveredconditionals="2" methods="1" coveredmethods="1"/>
          <line num="3" count="11" type="stmt"/>
          <line num="4" count="11" type="cond" truecount="2" falsecount="0"/>
          <line num="5" count="9" type="stmt"/>
          <line num="7" count="2" type="stmt"/>
        </file>
        <file name="userUtils.js" path="/Users/osx/Desktop/job-screenshots/Numbr/project/client/src/utils/userUtils.js">
          <metrics statements="5" coveredstatements="5" conditionals="0" coveredconditionals="0" methods="3" coveredmethods="1"/>
          <line num="1" count="13" type="stmt"/>
          <line num="3" count="13" type="stmt"/>
          <line num="5" count="13" type="stmt"/>
          <line num="7" count="13" type="stmt"/>
          <line num="8" count="7" type="stmt"/>
        </file>
      </package>
    </metrics>
  </project>
</coverage>
