{"/Users/osx/Desktop/job-screenshots/Numbr/project/client/test-env.js": {"path":"/Users/osx/Desktop/job-screenshots/Numbr/project/client/test-env.js","statementMap":{},"fnMap":{},"branchMap":{},"s":{},"f":{},"b":{},"_coverageSchema":"332fd63041d2c1bcb487cc26dd0d5f7d97098a6c","hash":"d6327f016c1eaecf3cdf94947724bd5fc9479a8f"}
,"/Users/osx/Desktop/job-screenshots/Numbr/project/client/src/js/login.js": {"path":"/Users/osx/Desktop/job-screenshots/Numbr/project/client/src/js/login.js","statementMap":{"0":{"start":{"line":6,"column":12},"end":{"line":6,"column":20}},"1":{"start":{"line":8,"column":27},"end":{"line":17,"column":1}},"2":{"start":{"line":9,"column":2},"end":{"line":16,"column":7}},"3":{"start":{"line":11,"column":6},"end":{"line":11,"column":40}},"4":{"start":{"line":14,"column":21},"end":{"line":14,"column":53}},"5":{"start":{"line":15,"column":6},"end":{"line":15,"column":35}},"6":{"start":{"line":19,"column":14},"end":{"line":36,"column":1}},"7":{"start":{"line":20,"column":23},"end":{"line":20,"column":51}},"8":{"start":{"line":21,"column":2},"end":{"line":35,"column":4}},"9":{"start":{"line":22,"column":17},"end":{"line":22,"column":48}},"10":{"start":{"line":23,"column":19},"end":{"line":23,"column":32}},"11":{"start":{"line":24,"column":4},"end":{"line":24,"column":21}},"12":{"start":{"line":27,"column":4},"end":{"line":29,"column":5}},"13":{"start":{"line":28,"column":6},"end":{"line":28,"column":53}},"14":{"start":{"line":30,"column":21},"end":{"line":33,"column":5}},"15":{"start":{"line":34,"column":4},"end":{"line":34,"column":26}}},"fnMap":{"0":{"name":"(anonymous_0)","decl":{"start":{"line":8,"column":27},"end":{"line":8,"column":28}},"loc":{"start":{"line":8,"column":41},"end":{"line":17,"column":1}},"line":8},"1":{"name":"(anonymous_1)","decl":{"start":{"line":10,"column":10},"end":{"line":10,"column":11}},"loc":{"start":{"line":10,"column":24},"end":{"line":12,"column":5}},"line":10},"2":{"name":"(anonymous_2)","decl":{"start":{"line":13,"column":11},"end":{"line":13,"column":12}},"loc":{"start":{"line":13,"column":20},"end":{"line":16,"column":5}},"line":13},"3":{"name":"(anonymous_3)","decl":{"start":{"line":19,"column":14},"end":{"line":19,"column":15}},"loc":{"start":{"line":19,"column":20},"end":{"line":36,"column":1}},"line":19},"4":{"name":"(anonymous_4)","decl":{"start":{"line":21,"column":25},"end":{"line":21,"column":26}},"loc":{"start":{"line":21,"column":31},"end":{"line":35,"column":3}},"line":21}},"branchMap":{"0":{"loc":{"start":{"line":27,"column":4},"end":{"line":29,"column":5}},"type":"if","locations":[{"start":{"line":27,"column":4},"end":{"line":29,"column":5}},{"start":{"line":27,"column":4},"end":{"line":29,"column":5}}],"line":27},"1":{"loc":{"start":{"line":27,"column":8},"end":{"line":27,"column":56}},"type":"binary-expr","locations":[{"start":{"line":27,"column":8},"end":{"line":27,"column":30}},{"start":{"line":27,"column":34},"end":{"line":27,"column":56}}],"line":27}},"s":{"0":5,"1":5,"2":5,"3":5,"4":5,"5":0,"6":5,"7":0,"8":0,"9":0,"10":0,"11":0,"12":0,"13":0,"14":0,"15":0},"f":{"0":5,"1":5,"2":5,"3":0,"4":0},"b":{"0":[0,0],"1":[0,0]},"_coverageSchema":"332fd63041d2c1bcb487cc26dd0d5f7d97098a6c","hash":"7cb875c0abb4bcc8dd7d78c8a9cc146cbedeb575"}
,"/Users/osx/Desktop/job-screenshots/Numbr/project/client/src/js/logout.js": {"path":"/Users/osx/Desktop/job-screenshots/Numbr/project/client/src/js/logout.js","statementMap":{"0":{"start":{"line":5,"column":28},"end":{"line":9,"column":1}},"1":{"start":{"line":6,"column":2},"end":{"line":6,"column":38}},"2":{"start":{"line":7,"column":2},"end":{"line":7,"column":31}},"3":{"start":{"line":8,"column":2},"end":{"line":8,"column":22}},"4":{"start":{"line":11,"column":21},"end":{"line":14,"column":1}},"5":{"start":{"line":12,"column":2},"end":{"line":12,"column":17}},"6":{"start":{"line":13,"column":2},"end":{"line":13,"column":26}},"7":{"start":{"line":16,"column":15},"end":{"line":19,"column":1}},"8":{"start":{"line":17,"column":23},"end":{"line":17,"column":56}},"9":{"start":{"line":18,"column":2},"end":{"line":18,"column":38}}},"fnMap":{"0":{"name":"(anonymous_0)","decl":{"start":{"line":5,"column":28},"end":{"line":5,"column":29}},"loc":{"start":{"line":5,"column":34},"end":{"line":9,"column":1}},"line":5},"1":{"name":"(anonymous_1)","decl":{"start":{"line":11,"column":21},"end":{"line":11,"column":22}},"loc":{"start":{"line":11,"column":27},"end":{"line":14,"column":1}},"line":11},"2":{"name":"(anonymous_2)","decl":{"start":{"line":16,"column":15},"end":{"line":16,"column":16}},"loc":{"start":{"line":16,"column":21},"end":{"line":19,"column":1}},"line":16}},"branchMap":{},"s":{"0":2,"1":2,"2":2,"3":2,"4":2,"5":0,"6":0,"7":2,"8":0,"9":0},"f":{"0":2,"1":0,"2":0},"b":{},"_coverageSchema":"332fd63041d2c1bcb487cc26dd0d5f7d97098a6c","hash":"cd11b6bbdecf91da32101d47dcf663d3842879c8"}
,"/Users/osx/Desktop/job-screenshots/Numbr/project/client/src/js/messenger.js": {"path":"/Users/osx/Desktop/job-screenshots/Numbr/project/client/src/js/messenger.js","statementMap":{"0":{"start":{"line":3,"column":18},"end":{"line":131,"column":1}},"1":{"start":{"line":4,"column":17},"end":{"line":4,"column":45}},"2":{"start":{"line":5,"column":16},"end":{"line":5,"column":43}},"3":{"start":{"line":8,"column":22},"end":{"line":8,"column":56}},"4":{"start":{"line":9,"column":23},"end":{"line":9,"column":58}},"5":{"start":{"line":10,"column":23},"end":{"line":10,"column":59}},"6":{"start":{"line":12,"column":18},"end":{"line":23,"column":3}},"7":{"start":{"line":13,"column":28},"end":{"line":13,"column":31}},"8":{"start":{"line":14,"column":19},"end":{"line":14,"column":47}},"9":{"start":{"line":16,"column":4},"end":{"line":22,"column":5}},"10":{"start":{"line":17,"column":6},"end":{"line":17,"column":50}},"11":{"start":{"line":18,"column":6},"end":{"line":18,"column":67}},"12":{"start":{"line":19,"column":11},"end":{"line":22,"column":5}},"13":{"start":{"line":20,"column":6},"end":{"line":20,"column":52}},"14":{"start":{"line":21,"column":6},"end":{"line":21,"column":45}},"15":{"start":{"line":25,"column":2},"end":{"line":25,"column":57}},"16":{"start":{"line":27,"column":2},"end":{"line":27,"column":12}},"17":{"start":{"line":29,"column":21},"end":{"line":68,"column":3}},"18":{"start":{"line":30,"column":17},"end":{"line":30,"column":73}},"19":{"start":{"line":31,"column":20},"end":{"line":31,"column":82}},"20":{"start":{"line":32,"column":22},"end":{"line":32,"column":46}},"21":{"start":{"line":33,"column":26},"end":{"line":33,"column":50}},"22":{"start":{"line":34,"column":17},"end":{"line":34,"column":40}},"23":{"start":{"line":35,"column":26},"end":{"line":35,"column":50}},"24":{"start":{"line":36,"column":17},"end":{"line":36,"column":39}},"25":{"start":{"line":37,"column":26},"end":{"line":37,"column":50}},"26":{"start":{"line":38,"column":17},"end":{"line":38,"column":39}},"27":{"start":{"line":40,"column":4},"end":{"line":40,"column":28}},"28":{"start":{"line":41,"column":4},"end":{"line":41,"column":29}},"29":{"start":{"line":42,"column":4},"end":{"line":42,"column":45}},"30":{"start":{"line":43,"column":4},"end":{"line":43,"column":36}},"31":{"start":{"line":45,"column":4},"end":{"line":45,"column":41}},"32":{"start":{"line":47,"column":4},"end":{"line":47,"column":29}},"33":{"start":{"line":48,"column":4},"end":{"line":48,"column":45}},"34":{"start":{"line":49,"column":4},"end":{"line":49,"column":36}},"35":{"start":{"line":51,"column":4},"end":{"line":51,"column":41}},"36":{"start":{"line":53,"column":4},"end":{"line":53,"column":48}},"37":{"start":{"line":54,"column":4},"end":{"line":54,"column":50}},"38":{"start":{"line":55,"column":4},"end":{"line":55,"column":36}},"39":{"start":{"line":57,"column":4},"end":{"line":57,"column":41}},"40":{"start":{"line":59,"column":4},"end":{"line":59,"column":39}},"41":{"start":{"line":60,"column":4},"end":{"line":64,"column":5}},"42":{"start":{"line":61,"column":6},"end":{"line":61,"column":44}},"43":{"start":{"line":63,"column":6},"end":{"line":63,"column":46}},"44":{"start":{"line":66,"column":4},"end":{"line":66,"column":39}},"45":{"start":{"line":67,"column":4},"end":{"line":67,"column":53}},"46":{"start":{"line":71,"column":2},"end":{"line":71,"column":52}},"47":{"start":{"line":73,"column":2},"end":{"line":76,"column":3}},"48":{"start":{"line":74,"column":4},"end":{"line":74,"column":79}},"49":{"start":{"line":75,"column":4},"end":{"line":75,"column":11}},"50":{"start":{"line":78,"column":21},"end":{"line":78,"column":73}},"51":{"start":{"line":80,"column":2},"end":{"line":83,"column":4}},"52":{"start":{"line":81,"column":4},"end":{"line":81,"column":28}},"53":{"start":{"line":82,"column":4},"end":{"line":82,"column":45}},"54":{"start":{"line":85,"column":2},"end":{"line":88,"column":4}},"55":{"start":{"line":86,"column":4},"end":{"line":86,"column":54}},"56":{"start":{"line":87,"column":4},"end":{"line":87,"column":97}},"57":{"start":{"line":90,"column":2},"end":{"line":105,"column":4}},"58":{"start":{"line":91,"column":17},"end":{"line":91,"column":41}},"59":{"start":{"line":92,"column":27},"end":{"line":92,"column":31}},"60":{"start":{"line":94,"column":4},"end":{"line":104,"column":5}},"61":{"start":{"line":95,"column":6},"end":{"line":95,"column":33}},"62":{"start":{"line":96,"column":6},"end":{"line":98,"column":7}},"63":{"start":{"line":97,"column":8},"end":{"line":97,"column":88}},"64":{"start":{"line":99,"column":6},"end":{"line":99,"column":27}},"65":{"start":{"line":100,"column":11},"end":{"line":104,"column":5}},"66":{"start":{"line":101,"column":6},"end":{"line":101,"column":47}},"67":{"start":{"line":102,"column":6},"end":{"line":102,"column":74}},"68":{"start":{"line":103,"column":6},"end":{"line":103,"column":27}},"69":{"start":{"line":107,"column":2},"end":{"line":116,"column":4}},"70":{"start":{"line":108,"column":4},"end":{"line":115,"column":5}},"71":{"start":{"line":109,"column":18},"end":{"line":109,"column":32}},"72":{"start":{"line":110,"column":6},"end":{"line":112,"column":7}},"73":{"start":{"line":111,"column":8},"end":{"line":111,"column":15}},"74":{"start":{"line":113,"column":6},"end":{"line":113,"column":27}},"75":{"start":{"line":114,"column":6},"end":{"line":114,"column":26}},"76":{"start":{"line":118,"column":2},"end":{"line":123,"column":4}},"77":{"start":{"line":119,"column":4},"end":{"line":122,"column":5}},"78":{"start":{"line":120,"column":6},"end":{"line":120,"column":42}},"79":{"start":{"line":121,"column":6},"end":{"line":121,"column":30}},"80":{"start":{"line":125,"column":2},"end":{"line":130,"column":11}},"81":{"start":{"line":126,"column":4},"end":{"line":129,"column":5}},"82":{"start":{"line":127,"column":6},"end":{"line":127,"column":56}},"83":{"start":{"line":128,"column":6},"end":{"line":128,"column":78}}},"fnMap":{"0":{"name":"(anonymous_0)","decl":{"start":{"line":3,"column":18},"end":{"line":3,"column":19}},"loc":{"start":{"line":3,"column":53},"end":{"line":131,"column":1}},"line":3},"1":{"name":"(anonymous_1)","decl":{"start":{"line":12,"column":18},"end":{"line":12,"column":19}},"loc":{"start":{"line":12,"column":24},"end":{"line":23,"column":3}},"line":12},"2":{"name":"(anonymous_2)","decl":{"start":{"line":29,"column":21},"end":{"line":29,"column":22}},"loc":{"start":{"line":29,"column":53},"end":{"line":68,"column":3}},"line":29},"3":{"name":"(anonymous_3)","decl":{"start":{"line":80,"column":22},"end":{"line":80,"column":23}},"loc":{"start":{"line":80,"column":28},"end":{"line":83,"column":3}},"line":80},"4":{"name":"(anonymous_4)","decl":{"start":{"line":85,"column":23},"end":{"line":85,"column":24}},"loc":{"start":{"line":85,"column":29},"end":{"line":88,"column":3}},"line":85},"5":{"name":"(anonymous_5)","decl":{"start":{"line":90,"column":25},"end":{"line":90,"column":26}},"loc":{"start":{"line":90,"column":38},"end":{"line":105,"column":3}},"line":90},"6":{"name":"(anonymous_6)","decl":{"start":{"line":107,"column":27},"end":{"line":107,"column":28}},"loc":{"start":{"line":107,"column":34},"end":{"line":116,"column":3}},"line":107},"7":{"name":"(anonymous_7)","decl":{"start":{"line":118,"column":25},"end":{"line":118,"column":26}},"loc":{"start":{"line":118,"column":31},"end":{"line":123,"column":3}},"line":118},"8":{"name":"(anonymous_8)","decl":{"start":{"line":125,"column":14},"end":{"line":125,"column":15}},"loc":{"start":{"line":125,"column":20},"end":{"line":130,"column":3}},"line":125}},"branchMap":{"0":{"loc":{"start":{"line":4,"column":17},"end":{"line":4,"column":45}},"type":"binary-expr","locations":[{"start":{"line":4,"column":17},"end":{"line":4,"column":25}},{"start":{"line":4,"column":29},"end":{"line":4,"column":45}}],"line":4},"1":{"loc":{"start":{"line":5,"column":16},"end":{"line":5,"column":43}},"type":"binary-expr","locations":[{"start":{"line":5,"column":16},"end":{"line":5,"column":25}},{"start":{"line":5,"column":29},"end":{"line":5,"column":43}}],"line":5},"2":{"loc":{"start":{"line":16,"column":4},"end":{"line":22,"column":5}},"type":"if","locations":[{"start":{"line":16,"column":4},"end":{"line":22,"column":5}},{"start":{"line":16,"column":4},"end":{"line":22,"column":5}}],"line":16},"3":{"loc":{"start":{"line":19,"column":11},"end":{"line":22,"column":5}},"type":"if","locations":[{"start":{"line":19,"column":11},"end":{"line":22,"column":5}},{"start":{"line":19,"column":11},"end":{"line":22,"column":5}}],"line":19},"4":{"loc":{"start":{"line":30,"column":17},"end":{"line":30,"column":73}},"type":"cond-expr","locations":[{"start":{"line":30,"column":38},"end":{"line":30,"column":57}},{"start":{"line":30,"column":60},"end":{"line":30,"column":73}}],"line":30},"5":{"loc":{"start":{"line":31,"column":20},"end":{"line":31,"column":82}},"type":"cond-expr","locations":[{"start":{"line":31,"column":43},"end":{"line":31,"column":64}},{"start":{"line":31,"column":67},"end":{"line":31,"column":82}}],"line":31},"6":{"loc":{"start":{"line":60,"column":4},"end":{"line":64,"column":5}},"type":"if","locations":[{"start":{"line":60,"column":4},"end":{"line":64,"column":5}},{"start":{"line":60,"column":4},"end":{"line":64,"column":5}}],"line":60},"7":{"loc":{"start":{"line":71,"column":18},"end":{"line":71,"column":51}},"type":"binary-expr","locations":[{"start":{"line":71,"column":18},"end":{"line":71,"column":31}},{"start":{"line":71,"column":35},"end":{"line":71,"column":51}}],"line":71},"8":{"loc":{"start":{"line":73,"column":2},"end":{"line":76,"column":3}},"type":"if","locations":[{"start":{"line":73,"column":2},"end":{"line":76,"column":3}},{"start":{"line":73,"column":2},"end":{"line":76,"column":3}}],"line":73},"9":{"loc":{"start":{"line":94,"column":4},"end":{"line":104,"column":5}},"type":"if","locations":[{"start":{"line":94,"column":4},"end":{"line":104,"column":5}},{"start":{"line":94,"column":4},"end":{"line":104,"column":5}}],"line":94},"10":{"loc":{"start":{"line":100,"column":11},"end":{"line":104,"column":5}},"type":"if","locations":[{"start":{"line":100,"column":11},"end":{"line":104,"column":5}},{"start":{"line":100,"column":11},"end":{"line":104,"column":5}}],"line":100},"11":{"loc":{"start":{"line":108,"column":4},"end":{"line":115,"column":5}},"type":"if","locations":[{"start":{"line":108,"column":4},"end":{"line":115,"column":5}},{"start":{"line":108,"column":4},"end":{"line":115,"column":5}}],"line":108},"12":{"loc":{"start":{"line":110,"column":6},"end":{"line":112,"column":7}},"type":"if","locations":[{"start":{"line":110,"column":6},"end":{"line":112,"column":7}},{"start":{"line":110,"column":6},"end":{"line":112,"column":7}}],"line":110},"13":{"loc":{"start":{"line":119,"column":4},"end":{"line":122,"column":5}},"type":"if","locations":[{"start":{"line":119,"column":4},"end":{"line":122,"column":5}},{"start":{"line":119,"column":4},"end":{"line":122,"column":5}}],"line":119},"14":{"loc":{"start":{"line":126,"column":4},"end":{"line":129,"column":5}},"type":"if","locations":[{"start":{"line":126,"column":4},"end":{"line":129,"column":5}},{"start":{"line":126,"column":4},"end":{"line":129,"column":5}}],"line":126}},"s":{"0":11,"1":24,"2":24,"3":24,"4":24,"5":24,"6":24,"7":24,"8":24,"9":24,"10":0,"11":0,"12":24,"13":24,"14":24,"15":24,"16":24,"17":24,"18":12,"19":12,"20":12,"21":12,"22":12,"23":12,"24":12,"25":12,"26":12,"27":12,"28":12,"29":12,"30":12,"31":12,"32":12,"33":12,"34":12,"35":12,"36":12,"37":12,"38":12,"39":12,"40":12,"41":12,"42":6,"43":6,"44":12,"45":12,"46":24,"47":24,"48":6,"49":6,"50":18,"51":18,"52":12,"53":12,"54":18,"55":6,"56":6,"57":18,"58":12,"59":12,"60":12,"61":0,"62":0,"63":0,"64":0,"65":12,"66":12,"67":12,"68":12,"69":18,"70":0,"71":0,"72":0,"73":0,"74":0,"75":0,"76":18,"77":0,"78":0,"79":0,"80":18,"81":0,"82":0,"83":0},"f":{"0":24,"1":24,"2":12,"3":12,"4":6,"5":12,"6":0,"7":0,"8":0},"b":{"0":[24,0],"1":[24,0],"2":[0,24],"3":[24,0],"4":[12,0],"5":[0,12],"6":[6,6],"7":[24,6],"8":[6,18],"9":[0,12],"10":[12,0],"11":[0,0],"12":[0,0],"13":[0,0],"14":[0,0]},"_coverageSchema":"332fd63041d2c1bcb487cc26dd0d5f7d97098a6c","hash":"2427c831cb88eff06ee1932816f0cf0239fda969"}
,"/Users/osx/Desktop/job-screenshots/Numbr/project/client/src/utils/displayMessenger.js": {"path":"/Users/osx/Desktop/job-screenshots/Numbr/project/client/src/utils/displayMessenger.js","statementMap":{"0":{"start":{"line":1,"column":25},"end":{"line":4,"column":1}},"1":{"start":{"line":2,"column":2},"end":{"line":2,"column":86}},"2":{"start":{"line":3,"column":2},"end":{"line":3,"column":85}}},"fnMap":{"0":{"name":"(anonymous_0)","decl":{"start":{"line":1,"column":25},"end":{"line":1,"column":26}},"loc":{"start":{"line":1,"column":41},"end":{"line":4,"column":1}},"line":1}},"branchMap":{"0":{"loc":{"start":{"line":2,"column":56},"end":{"line":2,"column":85}},"type":"cond-expr","locations":[{"start":{"line":2,"column":69},"end":{"line":2,"column":75}},{"start":{"line":2,"column":78},"end":{"line":2,"column":85}}],"line":2},"1":{"loc":{"start":{"line":3,"column":55},"end":{"line":3,"column":84}},"type":"cond-expr","locations":[{"start":{"line":3,"column":68},"end":{"line":3,"column":75}},{"start":{"line":3,"column":78},"end":{"line":3,"column":84}}],"line":3}},"s":{"0":8,"1":6,"2":1},"f":{"0":6},"b":{"0":[1,0],"1":[1,0]},"_coverageSchema":"332fd63041d2c1bcb487cc26dd0d5f7d97098a6c","hash":"bafc27582308b396f5fff439df3bc00ac9704b56"}
,"/Users/osx/Desktop/job-screenshots/Numbr/project/client/src/utils/handleErrors.js": {"path":"/Users/osx/Desktop/job-screenshots/Numbr/project/client/src/utils/handleErrors.js","statementMap":{"0":{"start":{"line":1,"column":21},"end":{"line":3,"column":1}},"1":{"start":{"line":2,"column":2},"end":{"line":2,"column":57}}},"fnMap":{"0":{"name":"(anonymous_0)","decl":{"start":{"line":1,"column":21},"end":{"line":1,"column":22}},"loc":{"start":{"line":1,"column":34},"end":{"line":3,"column":1}},"line":1}},"branchMap":{},"s":{"0":8,"1":3},"f":{"0":3},"b":{},"_coverageSchema":"332fd63041d2c1bcb487cc26dd0d5f7d97098a6c","hash":"09bbb5b3ee3a4b1db31833780c8760d1a77f2911"}
,"/Users/osx/Desktop/job-screenshots/Numbr/project/client/src/utils/processLogin.js": {"path":"/Users/osx/Desktop/job-screenshots/Numbr/project/client/src/utils/processLogin.js","statementMap":{"0":{"start":{"line":7,"column":21},"end":{"line":13,"column":1}},"1":{"start":{"line":8,"column":2},"end":{"line":8,"column":42}},"2":{"start":{"line":9,"column":2},"end":{"line":9,"column":31}},"3":{"start":{"line":10,"column":2},"end":{"line":10,"column":37}},"4":{"start":{"line":11,"column":2},"end":{"line":11,"column":25}},"5":{"start":{"line":12,"column":2},"end":{"line":12,"column":30}}},"fnMap":{"0":{"name":"(anonymous_0)","decl":{"start":{"line":7,"column":21},"end":{"line":7,"column":22}},"loc":{"start":{"line":7,"column":32},"end":{"line":13,"column":1}},"line":7}},"branchMap":{},"s":{"0":5,"1":5,"2":5,"3":5,"4":5,"5":0},"f":{"0":5},"b":{},"_coverageSchema":"332fd63041d2c1bcb487cc26dd0d5f7d97098a6c","hash":"95f9b189263cc3fe9ee25a8d4664b7282432f8e5"}
,"/Users/osx/Desktop/job-screenshots/Numbr/project/client/src/utils/setAuthorizationToken.js": {"path":"/Users/osx/Desktop/job-screenshots/Numbr/project/client/src/utils/setAuthorizationToken.js","statementMap":{"0":{"start":{"line":3,"column":30},"end":{"line":9,"column":1}},"1":{"start":{"line":4,"column":2},"end":{"line":8,"column":3}},"2":{"start":{"line":5,"column":4},"end":{"line":5,"column":68}},"3":{"start":{"line":7,"column":4},"end":{"line":7,"column":55}}},"fnMap":{"0":{"name":"(anonymous_0)","decl":{"start":{"line":3,"column":30},"end":{"line":3,"column":31}},"loc":{"start":{"line":3,"column":41},"end":{"line":9,"column":1}},"line":3}},"branchMap":{"0":{"loc":{"start":{"line":4,"column":2},"end":{"line":8,"column":3}},"type":"if","locations":[{"start":{"line":4,"column":2},"end":{"line":8,"column":3}},{"start":{"line":4,"column":2},"end":{"line":8,"column":3}}],"line":4}},"s":{"0":11,"1":11,"2":9,"3":2},"f":{"0":11},"b":{"0":[9,2]},"_coverageSchema":"332fd63041d2c1bcb487cc26dd0d5f7d97098a6c","hash":"98334fc1cb811dec03b8961d18f2c1b6fbcff3c7"}
,"/Users/osx/Desktop/job-screenshots/Numbr/project/client/src/utils/userUtils.js": {"path":"/Users/osx/Desktop/job-screenshots/Numbr/project/client/src/utils/userUtils.js","statementMap":{"0":{"start":{"line":1,"column":11},"end":{"line":1,"column":23}},"1":{"start":{"line":3,"column":30},"end":{"line":3,"column":77}},"2":{"start":{"line":3,"column":37},"end":{"line":3,"column":76}},"3":{"start":{"line":5,"column":28},"end":{"line":5,"column":58}},"4":{"start":{"line":5,"column":35},"end":{"line":5,"column":57}},"5":{"start":{"line":7,"column":31},"end":{"line":9,"column":1}},"6":{"start":{"line":8,"column":2},"end":{"line":8,"column":43}}},"fnMap":{"0":{"name":"(anonymous_0)","decl":{"start":{"line":3,"column":30},"end":{"line":3,"column":31}},"loc":{"start":{"line":3,"column":37},"end":{"line":3,"column":76}},"line":3},"1":{"name":"(anonymous_1)","decl":{"start":{"line":5,"column":28},"end":{"line":5,"column":29}},"loc":{"start":{"line":5,"column":35},"end":{"line":5,"column":57}},"line":5},"2":{"name":"(anonymous_2)","decl":{"start":{"line":7,"column":31},"end":{"line":7,"column":32}},"loc":{"start":{"line":7,"column":41},"end":{"line":9,"column":1}},"line":7}},"branchMap":{},"s":{"0":13,"1":13,"2":0,"3":13,"4":0,"5":13,"6":7},"f":{"0":0,"1":0,"2":7},"b":{},"_coverageSchema":"332fd63041d2c1bcb487cc26dd0d5f7d97098a6c","hash":"e63fbadf05d3b717f0426a72b28152f221d613f2"}
}
