TN:
SF:/Users/osx/Desktop/job-screenshots/Numbr/project/client/src/js/login.js
FN:8,(anonymous_0)
FN:10,(anonymous_1)
FN:13,(anonymous_2)
FN:19,(anonymous_3)
FN:21,(anonymous_4)
FNF:5
FNH:3
FNDA:1,(anonymous_0)
FNDA:1,(anonymous_1)
FNDA:1,(anonymous_2)
FNDA:0,(anonymous_3)
FNDA:0,(anonymous_4)
DA:6,1
DA:8,1
DA:9,1
DA:11,1
DA:14,1
DA:15,0
DA:19,1
DA:20,0
DA:21,0
DA:22,0
DA:23,0
DA:24,0
DA:27,0
DA:28,0
DA:30,0
DA:34,0
LF:16
LH:6
BRDA:27,0,0,0
BRDA:27,0,1,0
BRDA:27,1,0,0
BRDA:27,1,1,0
BRF:4
BRH:0
end_of_record
TN:
SF:/Users/osx/Desktop/job-screenshots/Numbr/project/client/src/js/logout.js
FN:5,(anonymous_0)
FN:11,(anonymous_1)
FN:16,(anonymous_2)
FNF:3
FNH:1
FNDA:1,(anonymous_0)
FNDA:0,(anonymous_1)
FNDA:0,(anonymous_2)
DA:5,1
DA:6,1
DA:7,1
DA:8,1
DA:11,1
DA:12,0
DA:13,0
DA:16,1
DA:17,0
DA:18,0
LF:10
LH:6
BRF:0
BRH:0
end_of_record
TN:
SF:/Users/osx/Desktop/job-screenshots/Numbr/project/client/src/js/messenger.js
FN:3,(anonymous_0)
FN:12,(anonymous_1)
FN:29,(anonymous_2)
FN:80,(anonymous_3)
FN:85,(anonymous_4)
FN:90,(anonymous_5)
FN:107,(anonymous_6)
FN:118,(anonymous_7)
FN:125,(anonymous_8)
FNF:9
FNH:6
FNDA:4,(anonymous_0)
FNDA:4,(anonymous_1)
FNDA:2,(anonymous_2)
FNDA:2,(anonymous_3)
FNDA:1,(anonymous_4)
FNDA:2,(anonymous_5)
FNDA:0,(anonymous_6)
FNDA:0,(anonymous_7)
FNDA:0,(anonymous_8)
DA:3,2
DA:4,4
DA:5,4
DA:8,4
DA:9,4
DA:10,4
DA:12,4
DA:13,4
DA:14,4
DA:16,4
DA:17,0
DA:18,0
DA:19,4
DA:20,4
DA:21,4
DA:25,4
DA:27,4
DA:29,4
DA:30,2
DA:31,2
DA:32,2
DA:33,2
DA:34,2
DA:35,2
DA:36,2
DA:37,2
DA:38,2
DA:40,2
DA:41,2
DA:42,2
DA:43,2
DA:45,2
DA:47,2
DA:48,2
DA:49,2
DA:51,2
DA:53,2
DA:54,2
DA:55,2
DA:57,2
DA:59,2
DA:60,2
DA:61,1
DA:63,1
DA:66,2
DA:67,2
DA:71,4
DA:73,4
DA:74,1
DA:75,1
DA:78,3
DA:80,3
DA:81,2
DA:82,2
DA:85,3
DA:86,1
DA:87,1
DA:90,3
DA:91,2
DA:92,2
DA:94,2
DA:95,0
DA:96,0
DA:97,0
DA:99,0
DA:100,2
DA:101,2
DA:102,2
DA:103,2
DA:107,3
DA:108,0
DA:109,0
DA:110,0
DA:111,0
DA:113,0
DA:114,0
DA:118,3
DA:119,0
DA:120,0
DA:121,0
DA:125,3
DA:126,0
DA:127,0
DA:128,0
LF:84
LH:66
BRDA:4,0,0,4
BRDA:4,0,1,0
BRDA:5,1,0,4
BRDA:5,1,1,0
BRDA:16,2,0,0
BRDA:16,2,1,4
BRDA:19,3,0,4
BRDA:19,3,1,0
BRDA:30,4,0,2
BRDA:30,4,1,0
BRDA:31,5,0,0
BRDA:31,5,1,2
BRDA:60,6,0,1
BRDA:60,6,1,1
BRDA:71,7,0,4
BRDA:71,7,1,1
BRDA:73,8,0,1
BRDA:73,8,1,3
BRDA:94,9,0,0
BRDA:94,9,1,2
BRDA:100,10,0,2
BRDA:100,10,1,0
BRDA:108,11,0,0
BRDA:108,11,1,0
BRDA:110,12,0,0
BRDA:110,12,1,0
BRDA:119,13,0,0
BRDA:119,13,1,0
BRDA:126,14,0,0
BRDA:126,14,1,0
BRF:30
BRH:14
end_of_record
TN:
SF:/Users/osx/Desktop/job-screenshots/Numbr/project/client/src/utils/displayMessenger.js
FN:1,(anonymous_0)
FNF:1
FNH:1
FNDA:2,(anonymous_0)
DA:1,3
DA:2,2
DA:3,1
LF:3
LH:3
BRDA:2,0,0,1
BRDA:2,0,1,0
BRDA:3,1,0,1
BRDA:3,1,1,0
BRF:4
BRH:2
end_of_record
TN:
SF:/Users/osx/Desktop/job-screenshots/Numbr/project/client/src/utils/handleErrors.js
FN:1,(anonymous_0)
FNF:1
FNH:1
FNDA:1,(anonymous_0)
DA:1,2
DA:2,1
LF:2
LH:2
BRF:0
BRH:0
end_of_record
TN:
SF:/Users/osx/Desktop/job-screenshots/Numbr/project/client/src/utils/processLogin.js
FN:7,(anonymous_0)
FNF:1
FNH:1
FNDA:1,(anonymous_0)
DA:7,1
DA:8,1
DA:9,1
DA:10,1
DA:11,1
DA:12,0
LF:6
LH:5
BRF:0
BRH:0
end_of_record
TN:
SF:/Users/osx/Desktop/job-screenshots/Numbr/project/client/src/utils/setAuthorizationToken.js
FN:3,(anonymous_0)
FNF:1
FNH:1
FNDA:3,(anonymous_0)
DA:3,3
DA:4,3
DA:5,2
DA:7,1
LF:4
LH:4
BRDA:4,0,0,2
BRDA:4,0,1,1
BRF:2
BRH:2
end_of_record
TN:
SF:/Users/osx/Desktop/job-screenshots/Numbr/project/client/src/utils/userUtils.js
FN:3,(anonymous_0)
FN:5,(anonymous_1)
FN:7,(anonymous_2)
FNF:3
FNH:1
FNDA:0,(anonymous_0)
FNDA:0,(anonymous_1)
FNDA:2,(anonymous_2)
DA:1,3
DA:3,3
DA:5,3
DA:7,3
DA:8,2
LF:5
LH:5
BRF:0
BRH:0
end_of_record
